Arguments: 
  /home/shaj/.nvm/versions/node/v12.8.0/bin/node /usr/share/yarn/bin/yarn.js add apollo-server-express

PATH: 
  /home/shaj/.nvm/versions/node/v12.8.0/bin:/usr/local/sbin:/usr/local/bin:/usr/sbin:/usr/bin:/sbin:/bin:/usr/games:/usr/local/games:/mnt/c/Windows/System32:/mnt/c/Windows:/mnt/c/Windows/System32/wbem:/mnt/c/Windows/System32/WindowsPowerShell/v1.0:/mnt/c/Windows/System32/OpenSSH:/mnt/c/Program Files/Git/cmd:/mnt/c/Users/shaj/AppData/Local/Microsoft/WindowsApps:/mnt/c/Users/shaj/AppData/Local/Programs/Microsoft VS Code/bin:/mnt/c/Users/shaj/AppData/Local/GitHubDesktop/bin:/snap/bin

Yarn version: 
  1.17.3

Node version: 
  12.8.0

Platform: 
  linux x64

Trace: 
  Error: getaddrinfo EAI_AGAIN registry.yarnpkg.com
      at GetAddrInfoReqWrap.onlookup [as oncomplete] (dns.js:60:26)

npm manifest: 
  {
    "name": "typegraphql",
    "version": "1.0.0",
    "main": "index.ts",
    "author": "sathish-spidie <sathishshaj9484@gmail.com>",
    "license": "MIT"
  }

yarn manifest: 
  No manifest

Lockfile: 
  No lockfile
